Using pre-set license
Built from '2021.3/staging' branch; Version is '2021.3.13f1 (9e7d58001ecf) revision 10386776'; Using compiler version '192829333'; Build Type 'Release'
OS: 'Windows 10  (10.0.19044) 64bit Core' Language: 'en' Physical Memory: 16312 MB
BatchMode: 1, IsHumanControllingUs: 0, StartBugReporterOnCrash: 0, Is64bit: 1, IsPro: 1

COMMAND LINE ARGUMENTS:
C:\Program Files\Unity\Hub\Editor\2021.3.13f1\Editor\Unity.exe
-adb2
-batchMode
-noUpm
-name
AssetImportWorker4
-projectPath
C:/Users/owenh/OneDrive/Documents/Coding/Projects/Video Games/AntiVirusGame/AntiVirus
-logFile
Logs/AssetImportWorker4.log
-srvPort
49657
Successfully changed project path to: C:/Users/owenh/OneDrive/Documents/Coding/Projects/Video Games/AntiVirusGame/AntiVirus
C:/Users/owenh/OneDrive/Documents/Coding/Projects/Video Games/AntiVirusGame/AntiVirus
[UnityMemory] Configuration Parameters - Can be set up in boot.config
    "memorysetup-bucket-allocator-granularity=16"
    "memorysetup-bucket-allocator-bucket-count=8"
    "memorysetup-bucket-allocator-block-size=33554432"
    "memorysetup-bucket-allocator-block-count=8"
    "memorysetup-main-allocator-block-size=16777216"
    "memorysetup-thread-allocator-block-size=16777216"
    "memorysetup-gfx-main-allocator-block-size=16777216"
    "memorysetup-gfx-thread-allocator-block-size=16777216"
    "memorysetup-cache-allocator-block-size=4194304"
    "memorysetup-typetree-allocator-block-size=2097152"
    "memorysetup-profiler-bucket-allocator-granularity=16"
    "memorysetup-profiler-bucket-allocator-bucket-count=8"
    "memorysetup-profiler-bucket-allocator-block-size=33554432"
    "memorysetup-profiler-bucket-allocator-block-count=8"
    "memorysetup-profiler-allocator-block-size=16777216"
    "memorysetup-profiler-editor-allocator-block-size=1048576"
    "memorysetup-temp-allocator-size-main=16777216"
    "memorysetup-job-temp-allocator-block-size=2097152"
    "memorysetup-job-temp-allocator-block-size-background=1048576"
    "memorysetup-job-temp-allocator-reduction-small-platforms=262144"
    "memorysetup-temp-allocator-size-background-worker=32768"
    "memorysetup-temp-allocator-size-job-worker=262144"
    "memorysetup-temp-allocator-size-preload-manager=33554432"
    "memorysetup-temp-allocator-size-nav-mesh-worker=65536"
    "memorysetup-temp-allocator-size-audio-worker=65536"
    "memorysetup-temp-allocator-size-cloud-worker=32768"
    "memorysetup-temp-allocator-size-gi-baking-worker=262144"
    "memorysetup-temp-allocator-size-gfx=262144"
Refreshing native plugins compatible for Editor in 82.65 ms, found 3 plugins.
Preloading 0 native plugins for Editor in 0.00 ms.
Initialize engine version: 2021.3.13f1 (9e7d58001ecf)
[Subsystems] Discovering subsystems at path C:/Program Files/Unity/Hub/Editor/2021.3.13f1/Editor/Data/Resources/UnitySubsystems
[Subsystems] Discovering subsystems at path C:/Users/owenh/OneDrive/Documents/Coding/Projects/Video Games/AntiVirusGame/AntiVirus/Assets
GfxDevice: creating device client; threaded=0; jobified=0
Direct3D:
    Version:  Direct3D 11.0 [level 11.1]
    Renderer: NVIDIA GeForce RTX 2070 SUPER (ID=0x1e84)
    Vendor:   NVIDIA
    VRAM:     8011 MB
    Driver:   30.0.15.1259
Initialize mono
Mono path[0] = 'C:/Program Files/Unity/Hub/Editor/2021.3.13f1/Editor/Data/Managed'
Mono path[1] = 'C:/Program Files/Unity/Hub/Editor/2021.3.13f1/Editor/Data/MonoBleedingEdge/lib/mono/unityjit-win32'
Mono config path = 'C:/Program Files/Unity/Hub/Editor/2021.3.13f1/Editor/Data/MonoBleedingEdge/etc'
Using monoOptions --debugger-agent=transport=dt_socket,embedding=1,server=y,suspend=n,address=127.0.0.1:56948
Begin MonoManager ReloadAssembly
Registering precompiled unity dll's ...
Register platform support module: C:/Program Files/Unity/Hub/Editor/2021.3.13f1/Editor/Data/PlaybackEngines/WebGLSupport/UnityEditor.WebGL.Extensions.dll
Register platform support module: C:/Program Files/Unity/Hub/Editor/2021.3.13f1/Editor/Data/PlaybackEngines/WindowsStandaloneSupport/UnityEditor.WindowsStandalone.Extensions.dll
Registered in 0.010522 seconds.
Native extension for WindowsStandalone target not found
Native extension for WebGL target not found
Refreshing native plugins compatible for Editor in 83.59 ms, found 3 plugins.
Preloading 0 native plugins for Editor in 0.00 ms.
Mono: successfully reloaded assembly
- Completed reload, in  0.639 seconds
Domain Reload Profiling:
	ReloadAssembly (640ms)
		BeginReloadAssembly (77ms)
			ExecutionOrderSort (0ms)
			DisableScriptedObjects (0ms)
			BackupInstance (0ms)
			ReleaseScriptingObjects (0ms)
			CreateAndSetChildDomain (1ms)
		EndReloadAssembly (442ms)
			LoadAssemblies (75ms)
			RebuildTransferFunctionScriptingTraits (0ms)
			SetupTypeCache (106ms)
			ReleaseScriptCaches (0ms)
			RebuildScriptCaches (26ms)
			SetupLoadedEditorAssemblies (262ms)
				LogAssemblyErrors (0ms)
				InitializePlatformSupportModulesInManaged (9ms)
				SetLoadedEditorAssemblies (0ms)
				RefreshPlugins (84ms)
				BeforeProcessingInitializeOnLoad (1ms)
				ProcessInitializeOnLoadAttributes (125ms)
				ProcessInitializeOnLoadMethodAttributes (42ms)
				AfterProcessingInitializeOnLoad (0ms)
				EditorAssembliesLoaded (0ms)
			ExecutionOrderSort2 (0ms)
			AwakeInstancesAfterBackupRestoration (0ms)
Platform modules already initialized, skipping
Registering precompiled user dll's ...
Registered in 0.008548 seconds.
Begin MonoManager ReloadAssembly
Symbol file LoadedFromMemory doesn't match image C:\Users\owenh\OneDrive\Documents\Coding\Projects\Video Games\AntiVirusGame\AntiVirus\Library\PackageCache\com.unity.visualscripting@1.7.8\Editor\VisualScripting.Core\Dependencies\YamlDotNet\Unity.VisualScripting.YamlDotNet.dll
Symbol file LoadedFromMemory doesn't match image C:\Users\owenh\OneDrive\Documents\Coding\Projects\Video Games\AntiVirusGame\AntiVirus\Library\PackageCache\com.unity.visualscripting@1.7.8\Editor\VisualScripting.Core\Dependencies\DotNetZip\Unity.VisualScripting.IonicZip.dll
Native extension for WindowsStandalone target not found
Native extension for WebGL target not found
Refreshing native plugins compatible for Editor in 0.71 ms, found 3 plugins.
Preloading 0 native plugins for Editor in 0.00 ms.
Mono: successfully reloaded assembly
- Completed reload, in  0.994 seconds
Domain Reload Profiling:
	ReloadAssembly (995ms)
		BeginReloadAssembly (111ms)
			ExecutionOrderSort (0ms)
			DisableScriptedObjects (6ms)
			BackupInstance (0ms)
			ReleaseScriptingObjects (0ms)
			CreateAndSetChildDomain (19ms)
		EndReloadAssembly (768ms)
			LoadAssemblies (91ms)
			RebuildTransferFunctionScriptingTraits (0ms)
			SetupTypeCache (250ms)
			ReleaseScriptCaches (1ms)
			RebuildScriptCaches (48ms)
			SetupLoadedEditorAssemblies (345ms)
				LogAssemblyErrors (0ms)
				InitializePlatformSupportModulesInManaged (6ms)
				SetLoadedEditorAssemblies (0ms)
				RefreshPlugins (1ms)
				BeforeProcessingInitializeOnLoad (87ms)
				ProcessInitializeOnLoadAttributes (214ms)
				ProcessInitializeOnLoadMethodAttributes (27ms)
				AfterProcessingInitializeOnLoad (9ms)
				EditorAssembliesLoaded (0ms)
			ExecutionOrderSort2 (0ms)
			AwakeInstancesAfterBackupRestoration (5ms)
Platform modules already initialized, skipping
========================================================================
Worker process is ready to serve import requests
Launched and connected shader compiler UnityShaderCompiler.exe after 0.16 seconds
Refreshing native plugins compatible for Editor in 0.99 ms, found 3 plugins.
Preloading 0 native plugins for Editor in 0.00 ms.
Unloading 3410 Unused Serialized files (Serialized files now loaded: 0)
Unloading 27 unused Assets / (114.1 KB). Loaded Objects now: 3869.
Memory consumption went from 120.5 MB to 120.4 MB.
Total: 3.368000 ms (FindLiveObjects: 0.330000 ms CreateObjectMapping: 0.095100 ms MarkObjects: 2.806100 ms  DeleteObjects: 0.135500 ms)

AssetImportParameters requested are different than current active one (requested -> active):
  custom:video-decoder-ogg-theora: a1e56fd34408186e4bbccfd4996cb3dc -> 
  custom:container-muxer-webm: aa71ff27fc2769a1b78a27578f13a17b -> 
  custom:container-demuxer-webm: 4f35f7cbe854078d1ac9338744f61a02 -> 
  custom:video-encoder-webm-vp8: eb34c28f22e8b96e1ab97ce403110664 -> 
  custom:audio-encoder-webm-vorbis: bf7c407c2cedff20999df2af8eb42d56 -> 
  custom:framework-win-MediaFoundation: 216162199b28c13a410421893ffa2e32 -> 
  custom:container-demuxer-ogg: 62fdf1f143b41e24485cea50d1cbac27 -> 
  custom:video-decoder-webm-vp8: 9c59270c3fd7afecdb556c50c9e8de78 -> 
  custom:audio-decoder-ogg-vorbis: bf7c407c2cedff20999df2af8eb42d56 -> 
========================================================================
Received Import Request.
  Time since last request: 34316.927418 seconds.
  path: Assets/Prefabs/Structures/Elevator.prefab
  artifactKey: Guid(f41ad0b0dc3ef694aa04c48077305bde) Importer(815301076,1909f56bfc062723c751e8b465ee728b)
Start importing Assets/Prefabs/Structures/Elevator.prefab using Guid(f41ad0b0dc3ef694aa04c48077305bde) Importer(815301076,1909f56bfc062723c751e8b465ee728b)  -> (artifact id: '830b2d3ce01b14f250fd32f9d517b853') in 0.125296 seconds 
========================================================================
Received Import Request.
  Time since last request: 98.433072 seconds.
  path: Assets/Prefabs/Structures/Elevator.prefab
  artifactKey: Guid(f41ad0b0dc3ef694aa04c48077305bde) Importer(815301076,1909f56bfc062723c751e8b465ee728b)
Start importing Assets/Prefabs/Structures/Elevator.prefab using Guid(f41ad0b0dc3ef694aa04c48077305bde) Importer(815301076,1909f56bfc062723c751e8b465ee728b)  -> (artifact id: 'c96c9e658bcb889f783ef1a3bfb5475a') in 0.011204 seconds 
========================================================================
Received Import Request.
  Time since last request: 3.962583 seconds.
  path: Assets/Prefabs/Structures/Elevator.prefab
  artifactKey: Guid(f41ad0b0dc3ef694aa04c48077305bde) Importer(815301076,1909f56bfc062723c751e8b465ee728b)
Start importing Assets/Prefabs/Structures/Elevator.prefab using Guid(f41ad0b0dc3ef694aa04c48077305bde) Importer(815301076,1909f56bfc062723c751e8b465ee728b)  -> (artifact id: '4be38a6624307f18f2365667ec9b4925') in 0.014036 seconds 
========================================================================
Received Import Request.
  Time since last request: 0.589047 seconds.
  path: Assets/Prefabs/Structures/Elevator.prefab
  artifactKey: Guid(f41ad0b0dc3ef694aa04c48077305bde) Importer(815301076,1909f56bfc062723c751e8b465ee728b)
Start importing Assets/Prefabs/Structures/Elevator.prefab using Guid(f41ad0b0dc3ef694aa04c48077305bde) Importer(815301076,1909f56bfc062723c751e8b465ee728b)  -> (artifact id: 'b2fbda7e96591ae11e81a4220ae01f00') in 0.012475 seconds 
========================================================================
Received Import Request.
  Time since last request: 4.452716 seconds.
  path: Assets/Prefabs/Structures/Elevator.prefab
  artifactKey: Guid(f41ad0b0dc3ef694aa04c48077305bde) Importer(815301076,1909f56bfc062723c751e8b465ee728b)
Start importing Assets/Prefabs/Structures/Elevator.prefab using Guid(f41ad0b0dc3ef694aa04c48077305bde) Importer(815301076,1909f56bfc062723c751e8b465ee728b)  -> (artifact id: '40b0d0ccd5055a1c6d6c970f15116357') in 0.010519 seconds 
========================================================================
Received Import Request.
  Time since last request: 5.052455 seconds.
  path: Assets/Prefabs/Structures/Elevator.prefab
  artifactKey: Guid(f41ad0b0dc3ef694aa04c48077305bde) Importer(815301076,1909f56bfc062723c751e8b465ee728b)
Start importing Assets/Prefabs/Structures/Elevator.prefab using Guid(f41ad0b0dc3ef694aa04c48077305bde) Importer(815301076,1909f56bfc062723c751e8b465ee728b)  -> (artifact id: '08023d5bf8a93f8e0c0c7665bb953ce9') in 0.010625 seconds 
========================================================================
Received Import Request.
  Time since last request: 2.603280 seconds.
  path: Assets/Prefabs/Structures/Elevator.prefab
  artifactKey: Guid(f41ad0b0dc3ef694aa04c48077305bde) Importer(815301076,1909f56bfc062723c751e8b465ee728b)
Start importing Assets/Prefabs/Structures/Elevator.prefab using Guid(f41ad0b0dc3ef694aa04c48077305bde) Importer(815301076,1909f56bfc062723c751e8b465ee728b)  -> (artifact id: '3c1679fa41c0b69825042cd9a461a46a') in 0.008721 seconds 
========================================================================
Received Import Request.
  Time since last request: 2.218106 seconds.
  path: Assets/Prefabs/Structures/Elevator.prefab
  artifactKey: Guid(f41ad0b0dc3ef694aa04c48077305bde) Importer(815301076,1909f56bfc062723c751e8b465ee728b)
Start importing Assets/Prefabs/Structures/Elevator.prefab using Guid(f41ad0b0dc3ef694aa04c48077305bde) Importer(815301076,1909f56bfc062723c751e8b465ee728b)  -> (artifact id: '867300d5c564b87a5012b79493e24be9') in 0.011149 seconds 
========================================================================
Received Import Request.
  Time since last request: 24.999669 seconds.
  path: Assets/Prefabs/Structures/Elevator.prefab
  artifactKey: Guid(f41ad0b0dc3ef694aa04c48077305bde) Importer(815301076,1909f56bfc062723c751e8b465ee728b)
Start importing Assets/Prefabs/Structures/Elevator.prefab using Guid(f41ad0b0dc3ef694aa04c48077305bde) Importer(815301076,1909f56bfc062723c751e8b465ee728b)  -> (artifact id: 'ec6530be1b733ed2d0edbd2b448b7ae4') in 0.013114 seconds 
========================================================================
Received Import Request.
  Time since last request: 38.621917 seconds.
  path: Assets/Prefabs/Structures/Elevator.prefab
  artifactKey: Guid(f41ad0b0dc3ef694aa04c48077305bde) Importer(815301076,1909f56bfc062723c751e8b465ee728b)
Start importing Assets/Prefabs/Structures/Elevator.prefab using Guid(f41ad0b0dc3ef694aa04c48077305bde) Importer(815301076,1909f56bfc062723c751e8b465ee728b)  -> (artifact id: '4c2e1b5c41d5de162afffdd307f35807') in 0.018329 seconds 
========================================================================
Received Import Request.
  Time since last request: 2.206827 seconds.
  path: Assets/Prefabs/Structures/Elevator.prefab
  artifactKey: Guid(f41ad0b0dc3ef694aa04c48077305bde) Importer(815301076,1909f56bfc062723c751e8b465ee728b)
Start importing Assets/Prefabs/Structures/Elevator.prefab using Guid(f41ad0b0dc3ef694aa04c48077305bde) Importer(815301076,1909f56bfc062723c751e8b465ee728b)  -> (artifact id: '81b728813cdbf08d9add678800ef5081') in 0.010784 seconds 
========================================================================
Received Import Request.
  Time since last request: 4.961754 seconds.
  path: Assets/Prefabs/Structures/Elevator.prefab
  artifactKey: Guid(f41ad0b0dc3ef694aa04c48077305bde) Importer(815301076,1909f56bfc062723c751e8b465ee728b)
Start importing Assets/Prefabs/Structures/Elevator.prefab using Guid(f41ad0b0dc3ef694aa04c48077305bde) Importer(815301076,1909f56bfc062723c751e8b465ee728b)  -> (artifact id: '6d008582cfba078f823a83579f159f08') in 0.014278 seconds 
========================================================================
Received Prepare
Registering precompiled user dll's ...
Registered in 0.009820 seconds.
Begin MonoManager ReloadAssembly
Symbol file LoadedFromMemory doesn't match image C:\Users\owenh\OneDrive\Documents\Coding\Projects\Video Games\AntiVirusGame\AntiVirus\Library\PackageCache\com.unity.visualscripting@1.7.8\Editor\VisualScripting.Core\Dependencies\YamlDotNet\Unity.VisualScripting.YamlDotNet.dll
Symbol file LoadedFromMemory doesn't match image C:\Users\owenh\OneDrive\Documents\Coding\Projects\Video Games\AntiVirusGame\AntiVirus\Library\PackageCache\com.unity.visualscripting@1.7.8\Editor\VisualScripting.Core\Dependencies\DotNetZip\Unity.VisualScripting.IonicZip.dll
Native extension for WindowsStandalone target not found
Native extension for WebGL target not found
Refreshing native plugins compatible for Editor in 0.86 ms, found 3 plugins.
Preloading 0 native plugins for Editor in 0.00 ms.
Mono: successfully reloaded assembly
- Completed reload, in  0.977 seconds
Domain Reload Profiling:
	ReloadAssembly (977ms)
		BeginReloadAssembly (132ms)
			ExecutionOrderSort (0ms)
			DisableScriptedObjects (4ms)
			BackupInstance (0ms)
			ReleaseScriptingObjects (0ms)
			CreateAndSetChildDomain (34ms)
		EndReloadAssembly (740ms)
			LoadAssemblies (91ms)
			RebuildTransferFunctionScriptingTraits (0ms)
			SetupTypeCache (266ms)
			ReleaseScriptCaches (1ms)
			RebuildScriptCaches (39ms)
			SetupLoadedEditorAssemblies (312ms)
				LogAssemblyErrors (0ms)
				InitializePlatformSupportModulesInManaged (14ms)
				SetLoadedEditorAssemblies (1ms)
				RefreshPlugins (1ms)
				BeforeProcessingInitializeOnLoad (67ms)
				ProcessInitializeOnLoadAttributes (192ms)
				ProcessInitializeOnLoadMethodAttributes (28ms)
				AfterProcessingInitializeOnLoad (9ms)
				EditorAssembliesLoaded (0ms)
			ExecutionOrderSort2 (0ms)
			AwakeInstancesAfterBackupRestoration (5ms)
Platform modules already initialized, skipping
Refreshing native plugins compatible for Editor in 3.18 ms, found 3 plugins.
Preloading 0 native plugins for Editor in 0.00 ms.
Unloading 3392 Unused Serialized files (Serialized files now loaded: 0)
Unloading 20 unused Assets / (80.9 KB). Loaded Objects now: 3882.
Memory consumption went from 123.6 MB to 123.5 MB.
Total: 2.991100 ms (FindLiveObjects: 0.333400 ms CreateObjectMapping: 0.082700 ms MarkObjects: 2.470700 ms  DeleteObjects: 0.103300 ms)

AssetImportParameters requested are different than current active one (requested -> active):
  custom:video-decoder-ogg-theora: a1e56fd34408186e4bbccfd4996cb3dc -> 
  custom:container-muxer-webm: aa71ff27fc2769a1b78a27578f13a17b -> 
  custom:container-demuxer-webm: 4f35f7cbe854078d1ac9338744f61a02 -> 
  custom:video-encoder-webm-vp8: eb34c28f22e8b96e1ab97ce403110664 -> 
  custom:audio-encoder-webm-vorbis: bf7c407c2cedff20999df2af8eb42d56 -> 
  custom:framework-win-MediaFoundation: 216162199b28c13a410421893ffa2e32 -> 
  custom:container-demuxer-ogg: 62fdf1f143b41e24485cea50d1cbac27 -> 
  custom:video-decoder-webm-vp8: 9c59270c3fd7afecdb556c50c9e8de78 -> 
  custom:audio-decoder-ogg-vorbis: bf7c407c2cedff20999df2af8eb42d56 -> 
========================================================================
Received Import Request.
  Time since last request: 470.994840 seconds.
  path: Assets/Prefabs/Structures/Elevator.prefab
  artifactKey: Guid(f41ad0b0dc3ef694aa04c48077305bde) Importer(815301076,1909f56bfc062723c751e8b465ee728b)
Start importing Assets/Prefabs/Structures/Elevator.prefab using Guid(f41ad0b0dc3ef694aa04c48077305bde) Importer(815301076,1909f56bfc062723c751e8b465ee728b)  -> (artifact id: 'a52860321d2b9412a4f30751844fcaf0') in 0.066304 seconds 
========================================================================
Received Import Request.
  Time since last request: 5.631949 seconds.
  path: Assets/Prefabs/Structures/Elevator.prefab
  artifactKey: Guid(f41ad0b0dc3ef694aa04c48077305bde) Importer(815301076,1909f56bfc062723c751e8b465ee728b)
Start importing Assets/Prefabs/Structures/Elevator.prefab using Guid(f41ad0b0dc3ef694aa04c48077305bde) Importer(815301076,1909f56bfc062723c751e8b465ee728b)  -> (artifact id: 'bff7b63d80c0d67e5295c8d4990d6336') in 0.010812 seconds 
========================================================================
Received Import Request.
  Time since last request: 1.983677 seconds.
  path: Assets/Prefabs/Structures/Elevator.prefab
  artifactKey: Guid(f41ad0b0dc3ef694aa04c48077305bde) Importer(815301076,1909f56bfc062723c751e8b465ee728b)
Start importing Assets/Prefabs/Structures/Elevator.prefab using Guid(f41ad0b0dc3ef694aa04c48077305bde) Importer(815301076,1909f56bfc062723c751e8b465ee728b)  -> (artifact id: '342b8790a8078d1c84bc845565d85501') in 0.014215 seconds 
========================================================================
Received Import Request.
  Time since last request: 3.275605 seconds.
  path: Assets/Prefabs/Structures/Elevator.prefab
  artifactKey: Guid(f41ad0b0dc3ef694aa04c48077305bde) Importer(815301076,1909f56bfc062723c751e8b465ee728b)
Start importing Assets/Prefabs/Structures/Elevator.prefab using Guid(f41ad0b0dc3ef694aa04c48077305bde) Importer(815301076,1909f56bfc062723c751e8b465ee728b)  -> (artifact id: '34d6f77ff49bb16e31f29da1e4567d8c') in 0.014802 seconds 
========================================================================
Received Import Request.
  Time since last request: 12.979976 seconds.
  path: Assets/Prefabs/Structures/Elevator.prefab
  artifactKey: Guid(f41ad0b0dc3ef694aa04c48077305bde) Importer(815301076,1909f56bfc062723c751e8b465ee728b)
Start importing Assets/Prefabs/Structures/Elevator.prefab using Guid(f41ad0b0dc3ef694aa04c48077305bde) Importer(815301076,1909f56bfc062723c751e8b465ee728b)  -> (artifact id: 'c7ed3839ff32fcb8106f1826f6b55292') in 0.016499 seconds 
========================================================================
Received Import Request.
  Time since last request: 9.219960 seconds.
  path: Assets/Prefabs/Structures/Elevator.prefab
  artifactKey: Guid(f41ad0b0dc3ef694aa04c48077305bde) Importer(815301076,1909f56bfc062723c751e8b465ee728b)
Start importing Assets/Prefabs/Structures/Elevator.prefab using Guid(f41ad0b0dc3ef694aa04c48077305bde) Importer(815301076,1909f56bfc062723c751e8b465ee728b)  -> (artifact id: '3f2ae6476068f2a008a6ab75a6542af3') in 0.010570 seconds 
========================================================================
Received Import Request.
  Time since last request: 2.975938 seconds.
  path: Assets/Prefabs/Structures/Elevator.prefab
  artifactKey: Guid(f41ad0b0dc3ef694aa04c48077305bde) Importer(815301076,1909f56bfc062723c751e8b465ee728b)
Start importing Assets/Prefabs/Structures/Elevator.prefab using Guid(f41ad0b0dc3ef694aa04c48077305bde) Importer(815301076,1909f56bfc062723c751e8b465ee728b)  -> (artifact id: '9bb3271bcc1df6d509ae37c68c7e3ede') in 0.014657 seconds 
========================================================================
Received Import Request.
  Time since last request: 2.199271 seconds.
  path: Assets/Prefabs/Structures/Elevator.prefab
  artifactKey: Guid(f41ad0b0dc3ef694aa04c48077305bde) Importer(815301076,1909f56bfc062723c751e8b465ee728b)
Start importing Assets/Prefabs/Structures/Elevator.prefab using Guid(f41ad0b0dc3ef694aa04c48077305bde) Importer(815301076,1909f56bfc062723c751e8b465ee728b)  -> (artifact id: 'a7576929410fa5e20daf234b8ac635bb') in 0.009801 seconds 
========================================================================
Received Import Request.
  Time since last request: 5.870603 seconds.
  path: Assets/Prefabs/Structures/Elevator.prefab
  artifactKey: Guid(f41ad0b0dc3ef694aa04c48077305bde) Importer(815301076,1909f56bfc062723c751e8b465ee728b)
Start importing Assets/Prefabs/Structures/Elevator.prefab using Guid(f41ad0b0dc3ef694aa04c48077305bde) Importer(815301076,1909f56bfc062723c751e8b465ee728b)  -> (artifact id: '41c4946c8f45f6455c58019f73e16084') in 0.007195 seconds 
========================================================================
Received Import Request.
  Time since last request: 2.203005 seconds.
  path: Assets/Prefabs/Structures/Elevator.prefab
  artifactKey: Guid(f41ad0b0dc3ef694aa04c48077305bde) Importer(815301076,1909f56bfc062723c751e8b465ee728b)
Start importing Assets/Prefabs/Structures/Elevator.prefab using Guid(f41ad0b0dc3ef694aa04c48077305bde) Importer(815301076,1909f56bfc062723c751e8b465ee728b)  -> (artifact id: 'b6da2cc0faa969f2aaee2331d423eb05') in 0.008799 seconds 
========================================================================
Received Import Request.
  Time since last request: 25.698621 seconds.
  path: Assets/Prefabs/Structures/Elevator.prefab
  artifactKey: Guid(f41ad0b0dc3ef694aa04c48077305bde) Importer(815301076,1909f56bfc062723c751e8b465ee728b)
Start importing Assets/Prefabs/Structures/Elevator.prefab using Guid(f41ad0b0dc3ef694aa04c48077305bde) Importer(815301076,1909f56bfc062723c751e8b465ee728b)  -> (artifact id: '2c3ed682d6cf108b015d35087ef53803') in 0.016807 seconds 
========================================================================
Received Import Request.
  Time since last request: 4.609878 seconds.
  path: Assets/Prefabs/Structures/Elevator.prefab
  artifactKey: Guid(f41ad0b0dc3ef694aa04c48077305bde) Importer(815301076,1909f56bfc062723c751e8b465ee728b)
Start importing Assets/Prefabs/Structures/Elevator.prefab using Guid(f41ad0b0dc3ef694aa04c48077305bde) Importer(815301076,1909f56bfc062723c751e8b465ee728b)  -> (artifact id: 'f9fb6ec5be8606fb3d87e13441ff6139') in 0.019680 seconds 
========================================================================
Received Import Request.
  Time since last request: 2.812072 seconds.
  path: Assets/Prefabs/Structures/Elevator.prefab
  artifactKey: Guid(f41ad0b0dc3ef694aa04c48077305bde) Importer(815301076,1909f56bfc062723c751e8b465ee728b)
Start importing Assets/Prefabs/Structures/Elevator.prefab using Guid(f41ad0b0dc3ef694aa04c48077305bde) Importer(815301076,1909f56bfc062723c751e8b465ee728b)  -> (artifact id: '65891ece9cff9392fb635feae053d5cf') in 0.008135 seconds 
========================================================================
Received Import Request.
  Time since last request: 12.416513 seconds.
  path: Assets/Prefabs/Structures/Elevator.prefab
  artifactKey: Guid(f41ad0b0dc3ef694aa04c48077305bde) Importer(815301076,1909f56bfc062723c751e8b465ee728b)
Start importing Assets/Prefabs/Structures/Elevator.prefab using Guid(f41ad0b0dc3ef694aa04c48077305bde) Importer(815301076,1909f56bfc062723c751e8b465ee728b)  -> (artifact id: '0060f0c5864d702170ea26313978aa75') in 0.007262 seconds 
========================================================================
Received Import Request.
  Time since last request: 3.719092 seconds.
  path: Assets/Prefabs/Structures/Elevator.prefab
  artifactKey: Guid(f41ad0b0dc3ef694aa04c48077305bde) Importer(815301076,1909f56bfc062723c751e8b465ee728b)
Start importing Assets/Prefabs/Structures/Elevator.prefab using Guid(f41ad0b0dc3ef694aa04c48077305bde) Importer(815301076,1909f56bfc062723c751e8b465ee728b)  -> (artifact id: '234bc1d4943191d7cc2238a2cdb2537d') in 0.010391 seconds 
========================================================================
Received Import Request.
  Time since last request: 5.428790 seconds.
  path: Assets/Prefabs/Structures/Elevator.prefab
  artifactKey: Guid(f41ad0b0dc3ef694aa04c48077305bde) Importer(815301076,1909f56bfc062723c751e8b465ee728b)
Start importing Assets/Prefabs/Structures/Elevator.prefab using Guid(f41ad0b0dc3ef694aa04c48077305bde) Importer(815301076,1909f56bfc062723c751e8b465ee728b)  -> (artifact id: 'e0f0c59989879c98acf1ea8b812c931c') in 0.008471 seconds 
========================================================================
Received Import Request.
  Time since last request: 1.810716 seconds.
  path: Assets/Prefabs/Structures/Elevator.prefab
  artifactKey: Guid(f41ad0b0dc3ef694aa04c48077305bde) Importer(815301076,1909f56bfc062723c751e8b465ee728b)
Start importing Assets/Prefabs/Structures/Elevator.prefab using Guid(f41ad0b0dc3ef694aa04c48077305bde) Importer(815301076,1909f56bfc062723c751e8b465ee728b)  -> (artifact id: 'be3d271e318da58014ccc2cbfea1c28f') in 0.007622 seconds 
========================================================================
Received Import Request.
  Time since last request: 4.034387 seconds.
  path: Assets/Prefabs/Structures/Elevator.prefab
  artifactKey: Guid(f41ad0b0dc3ef694aa04c48077305bde) Importer(815301076,1909f56bfc062723c751e8b465ee728b)
Start importing Assets/Prefabs/Structures/Elevator.prefab using Guid(f41ad0b0dc3ef694aa04c48077305bde) Importer(815301076,1909f56bfc062723c751e8b465ee728b)  -> (artifact id: '0ba5fc2eca72e103a798cd23cd3c1862') in 0.007137 seconds 
========================================================================
Received Import Request.
  Time since last request: 10.699124 seconds.
  path: Assets/Prefabs/Structures/Elevator.prefab
  artifactKey: Guid(f41ad0b0dc3ef694aa04c48077305bde) Importer(815301076,1909f56bfc062723c751e8b465ee728b)
Start importing Assets/Prefabs/Structures/Elevator.prefab using Guid(f41ad0b0dc3ef694aa04c48077305bde) Importer(815301076,1909f56bfc062723c751e8b465ee728b)  -> (artifact id: 'a98dee116f639f01a61e7373bc876963') in 0.008110 seconds 
========================================================================
Received Import Request.
  Time since last request: 5.192270 seconds.
  path: Assets/Prefabs/Structures/Elevator.prefab
  artifactKey: Guid(f41ad0b0dc3ef694aa04c48077305bde) Importer(815301076,1909f56bfc062723c751e8b465ee728b)
Start importing Assets/Prefabs/Structures/Elevator.prefab using Guid(f41ad0b0dc3ef694aa04c48077305bde) Importer(815301076,1909f56bfc062723c751e8b465ee728b)  -> (artifact id: '562fbf4208895bbe8f0f09d6c968e4c1') in 0.008228 seconds 
========================================================================
Received Import Request.
  Time since last request: 3.836457 seconds.
  path: Assets/Prefabs/Structures/Elevator.prefab
  artifactKey: Guid(f41ad0b0dc3ef694aa04c48077305bde) Importer(815301076,1909f56bfc062723c751e8b465ee728b)
Start importing Assets/Prefabs/Structures/Elevator.prefab using Guid(f41ad0b0dc3ef694aa04c48077305bde) Importer(815301076,1909f56bfc062723c751e8b465ee728b)  -> (artifact id: '675953c24a7d4194c3ef5e7446835d4c') in 0.008314 seconds 
========================================================================
Received Import Request.
  Time since last request: 6.923767 seconds.
  path: Assets/Prefabs/Structures/Elevator.prefab
  artifactKey: Guid(f41ad0b0dc3ef694aa04c48077305bde) Importer(815301076,1909f56bfc062723c751e8b465ee728b)
Start importing Assets/Prefabs/Structures/Elevator.prefab using Guid(f41ad0b0dc3ef694aa04c48077305bde) Importer(815301076,1909f56bfc062723c751e8b465ee728b)  -> (artifact id: '6dd9b123d8f3f25e65c7f7dd1779521e') in 0.017351 seconds 
========================================================================
Received Import Request.
  Time since last request: 9.288687 seconds.
  path: Assets/Prefabs/Structures/Elevator.prefab
  artifactKey: Guid(f41ad0b0dc3ef694aa04c48077305bde) Importer(815301076,1909f56bfc062723c751e8b465ee728b)
Start importing Assets/Prefabs/Structures/Elevator.prefab using Guid(f41ad0b0dc3ef694aa04c48077305bde) Importer(815301076,1909f56bfc062723c751e8b465ee728b)  -> (artifact id: '26db19c6b9333f7a76e1da90f1b4a971') in 0.008161 seconds 
========================================================================
Received Import Request.
  Time since last request: 4.855130 seconds.
  path: Assets/Prefabs/Structures/Elevator.prefab
  artifactKey: Guid(f41ad0b0dc3ef694aa04c48077305bde) Importer(815301076,1909f56bfc062723c751e8b465ee728b)
Start importing Assets/Prefabs/Structures/Elevator.prefab using Guid(f41ad0b0dc3ef694aa04c48077305bde) Importer(815301076,1909f56bfc062723c751e8b465ee728b)  -> (artifact id: 'f62484325a616935e8224b71b9b9b250') in 0.008451 seconds 
========================================================================
Received Import Request.
  Time since last request: 19.238072 seconds.
  path: Assets/Prefabs/Structures/Elevator.prefab
  artifactKey: Guid(f41ad0b0dc3ef694aa04c48077305bde) Importer(815301076,1909f56bfc062723c751e8b465ee728b)
Start importing Assets/Prefabs/Structures/Elevator.prefab using Guid(f41ad0b0dc3ef694aa04c48077305bde) Importer(815301076,1909f56bfc062723c751e8b465ee728b)  -> (artifact id: 'b9e46c0b710e3223bd844bff3920bf1c') in 0.013925 seconds 
========================================================================
Received Import Request.
  Time since last request: 5.202795 seconds.
  path: Assets/Prefabs/Structures/Elevator.prefab
  artifactKey: Guid(f41ad0b0dc3ef694aa04c48077305bde) Importer(815301076,1909f56bfc062723c751e8b465ee728b)
Start importing Assets/Prefabs/Structures/Elevator.prefab using Guid(f41ad0b0dc3ef694aa04c48077305bde) Importer(815301076,1909f56bfc062723c751e8b465ee728b)  -> (artifact id: '65502cf9c9e43e6dc8ea6daa67b80801') in 0.009535 seconds 
========================================================================
Received Import Request.
  Time since last request: 5.842876 seconds.
  path: Assets/Prefabs/Structures/Elevator.prefab
  artifactKey: Guid(f41ad0b0dc3ef694aa04c48077305bde) Importer(815301076,1909f56bfc062723c751e8b465ee728b)
Start importing Assets/Prefabs/Structures/Elevator.prefab using Guid(f41ad0b0dc3ef694aa04c48077305bde) Importer(815301076,1909f56bfc062723c751e8b465ee728b)  -> (artifact id: '62c0153bcc17e23881109bf5d6d7d9a8') in 0.008823 seconds 
========================================================================
Received Import Request.
  Time since last request: 5.444241 seconds.
  path: Assets/Prefabs/Structures/Elevator.prefab
  artifactKey: Guid(f41ad0b0dc3ef694aa04c48077305bde) Importer(815301076,1909f56bfc062723c751e8b465ee728b)
Start importing Assets/Prefabs/Structures/Elevator.prefab using Guid(f41ad0b0dc3ef694aa04c48077305bde) Importer(815301076,1909f56bfc062723c751e8b465ee728b)  -> (artifact id: 'd39b81dc781324075ec761fe31eb754f') in 0.009817 seconds 
========================================================================
Received Import Request.
  Time since last request: 5.030521 seconds.
  path: Assets/Prefabs/Structures/Elevator.prefab
  artifactKey: Guid(f41ad0b0dc3ef694aa04c48077305bde) Importer(815301076,1909f56bfc062723c751e8b465ee728b)
Start importing Assets/Prefabs/Structures/Elevator.prefab using Guid(f41ad0b0dc3ef694aa04c48077305bde) Importer(815301076,1909f56bfc062723c751e8b465ee728b)  -> (artifact id: '754d324335555ab333986f5a40d0f8a5') in 0.017216 seconds 
========================================================================
Received Prepare
Registering precompiled user dll's ...
Registered in 0.008464 seconds.
Begin MonoManager ReloadAssembly
Symbol file LoadedFromMemory doesn't match image C:\Users\owenh\OneDrive\Documents\Coding\Projects\Video Games\AntiVirusGame\AntiVirus\Library\PackageCache\com.unity.visualscripting@1.7.8\Editor\VisualScripting.Core\Dependencies\YamlDotNet\Unity.VisualScripting.YamlDotNet.dll
Symbol file LoadedFromMemory doesn't match image C:\Users\owenh\OneDrive\Documents\Coding\Projects\Video Games\AntiVirusGame\AntiVirus\Library\PackageCache\com.unity.visualscripting@1.7.8\Editor\VisualScripting.Core\Dependencies\DotNetZip\Unity.VisualScripting.IonicZip.dll
Native extension for WindowsStandalone target not found
Native extension for WebGL target not found
Refreshing native plugins compatible for Editor in 0.74 ms, found 3 plugins.
Preloading 0 native plugins for Editor in 0.00 ms.
Mono: successfully reloaded assembly
- Completed reload, in  0.942 seconds
Domain Reload Profiling:
	ReloadAssembly (943ms)
		BeginReloadAssembly (136ms)
			ExecutionOrderSort (0ms)
			DisableScriptedObjects (4ms)
			BackupInstance (0ms)
			ReleaseScriptingObjects (0ms)
			CreateAndSetChildDomain (38ms)
		EndReloadAssembly (707ms)
			LoadAssemblies (92ms)
			RebuildTransferFunctionScriptingTraits (0ms)
			SetupTypeCache (248ms)
			ReleaseScriptCaches (2ms)
			RebuildScriptCaches (41ms)
			SetupLoadedEditorAssemblies (294ms)
				LogAssemblyErrors (0ms)
				InitializePlatformSupportModulesInManaged (12ms)
				SetLoadedEditorAssemblies (0ms)
				RefreshPlugins (1ms)
				BeforeProcessingInitializeOnLoad (65ms)
				ProcessInitializeOnLoadAttributes (181ms)
				ProcessInitializeOnLoadMethodAttributes (26ms)
				AfterProcessingInitializeOnLoad (9ms)
				EditorAssembliesLoaded (0ms)
			ExecutionOrderSort2 (0ms)
			AwakeInstancesAfterBackupRestoration (5ms)
Platform modules already initialized, skipping
Refreshing native plugins compatible for Editor in 3.06 ms, found 3 plugins.
Preloading 0 native plugins for Editor in 0.00 ms.
Unloading 3392 Unused Serialized files (Serialized files now loaded: 0)
Unloading 20 unused Assets / (80.9 KB). Loaded Objects now: 3885.
Memory consumption went from 123.6 MB to 123.6 MB.
Total: 2.874000 ms (FindLiveObjects: 0.299100 ms CreateObjectMapping: 0.079100 ms MarkObjects: 2.386200 ms  DeleteObjects: 0.108900 ms)

AssetImportParameters requested are different than current active one (requested -> active):
  custom:video-decoder-ogg-theora: a1e56fd34408186e4bbccfd4996cb3dc -> 
  custom:container-muxer-webm: aa71ff27fc2769a1b78a27578f13a17b -> 
  custom:container-demuxer-webm: 4f35f7cbe854078d1ac9338744f61a02 -> 
  custom:video-encoder-webm-vp8: eb34c28f22e8b96e1ab97ce403110664 -> 
  custom:audio-encoder-webm-vorbis: bf7c407c2cedff20999df2af8eb42d56 -> 
  custom:framework-win-MediaFoundation: 216162199b28c13a410421893ffa2e32 -> 
  custom:container-demuxer-ogg: 62fdf1f143b41e24485cea50d1cbac27 -> 
  custom:video-decoder-webm-vp8: 9c59270c3fd7afecdb556c50c9e8de78 -> 
  custom:audio-decoder-ogg-vorbis: bf7c407c2cedff20999df2af8eb42d56 -> 
========================================================================
Received Prepare
Registering precompiled user dll's ...
Registered in 0.008377 seconds.
Begin MonoManager ReloadAssembly
Symbol file LoadedFromMemory doesn't match image C:\Users\owenh\OneDrive\Documents\Coding\Projects\Video Games\AntiVirusGame\AntiVirus\Library\PackageCache\com.unity.visualscripting@1.7.8\Editor\VisualScripting.Core\Dependencies\YamlDotNet\Unity.VisualScripting.YamlDotNet.dll
Symbol file LoadedFromMemory doesn't match image C:\Users\owenh\OneDrive\Documents\Coding\Projects\Video Games\AntiVirusGame\AntiVirus\Library\PackageCache\com.unity.visualscripting@1.7.8\Editor\VisualScripting.Core\Dependencies\DotNetZip\Unity.VisualScripting.IonicZip.dll
Native extension for WindowsStandalone target not found
Native extension for WebGL target not found
Refreshing native plugins compatible for Editor in 0.68 ms, found 3 plugins.
Preloading 0 native plugins for Editor in 0.00 ms.
Mono: successfully reloaded assembly
- Completed reload, in  0.974 seconds
Domain Reload Profiling:
	ReloadAssembly (975ms)
		BeginReloadAssembly (137ms)
			ExecutionOrderSort (0ms)
			DisableScriptedObjects (5ms)
			BackupInstance (0ms)
			ReleaseScriptingObjects (0ms)
			CreateAndSetChildDomain (34ms)
		EndReloadAssembly (733ms)
			LoadAssemblies (95ms)
			RebuildTransferFunctionScriptingTraits (0ms)
			SetupTypeCache (262ms)
			ReleaseScriptCaches (1ms)
			RebuildScriptCaches (38ms)
			SetupLoadedEditorAssemblies (310ms)
				LogAssemblyErrors (0ms)
				InitializePlatformSupportModulesInManaged (13ms)
				SetLoadedEditorAssemblies (0ms)
				RefreshPlugins (1ms)
				BeforeProcessingInitializeOnLoad (70ms)
				ProcessInitializeOnLoadAttributes (189ms)
				ProcessInitializeOnLoadMethodAttributes (28ms)
				AfterProcessingInitializeOnLoad (9ms)
				EditorAssembliesLoaded (0ms)
			ExecutionOrderSort2 (0ms)
			AwakeInstancesAfterBackupRestoration (5ms)
Platform modules already initialized, skipping
Refreshing native plugins compatible for Editor in 2.87 ms, found 3 plugins.
Preloading 0 native plugins for Editor in 0.00 ms.
Unloading 3392 Unused Serialized files (Serialized files now loaded: 0)
Unloading 20 unused Assets / (80.9 KB). Loaded Objects now: 3888.
Memory consumption went from 123.7 MB to 123.6 MB.
Total: 2.834600 ms (FindLiveObjects: 0.303500 ms CreateObjectMapping: 0.081900 ms MarkObjects: 2.346300 ms  DeleteObjects: 0.102000 ms)

AssetImportParameters requested are different than current active one (requested -> active):
  custom:video-decoder-ogg-theora: a1e56fd34408186e4bbccfd4996cb3dc -> 
  custom:container-muxer-webm: aa71ff27fc2769a1b78a27578f13a17b -> 
  custom:container-demuxer-webm: 4f35f7cbe854078d1ac9338744f61a02 -> 
  custom:video-encoder-webm-vp8: eb34c28f22e8b96e1ab97ce403110664 -> 
  custom:audio-encoder-webm-vorbis: bf7c407c2cedff20999df2af8eb42d56 -> 
  custom:framework-win-MediaFoundation: 216162199b28c13a410421893ffa2e32 -> 
  custom:container-demuxer-ogg: 62fdf1f143b41e24485cea50d1cbac27 -> 
  custom:video-decoder-webm-vp8: 9c59270c3fd7afecdb556c50c9e8de78 -> 
  custom:audio-decoder-ogg-vorbis: bf7c407c2cedff20999df2af8eb42d56 -> 
========================================================================
Received Import Request.
  Time since last request: 207.189875 seconds.
  path: Assets/Prefabs/Structures/Elevator.prefab
  artifactKey: Guid(f41ad0b0dc3ef694aa04c48077305bde) Importer(815301076,1909f56bfc062723c751e8b465ee728b)
Start importing Assets/Prefabs/Structures/Elevator.prefab using Guid(f41ad0b0dc3ef694aa04c48077305bde) Importer(815301076,1909f56bfc062723c751e8b465ee728b)  -> (artifact id: '9bf8ff47d1f143352e778f44cd95e017') in 0.060799 seconds 
========================================================================
Received Import Request.
  Time since last request: 6.097959 seconds.
  path: Assets/Prefabs/Structures/Elevator.prefab
  artifactKey: Guid(f41ad0b0dc3ef694aa04c48077305bde) Importer(815301076,1909f56bfc062723c751e8b465ee728b)
Start importing Assets/Prefabs/Structures/Elevator.prefab using Guid(f41ad0b0dc3ef694aa04c48077305bde) Importer(815301076,1909f56bfc062723c751e8b465ee728b)  -> (artifact id: '83461fee14b856b19ec9580cfecb63ac') in 0.008796 seconds 
========================================================================
Received Import Request.
  Time since last request: 2.233865 seconds.
  path: Assets/Prefabs/Structures/Elevator.prefab
  artifactKey: Guid(f41ad0b0dc3ef694aa04c48077305bde) Importer(815301076,1909f56bfc062723c751e8b465ee728b)
Start importing Assets/Prefabs/Structures/Elevator.prefab using Guid(f41ad0b0dc3ef694aa04c48077305bde) Importer(815301076,1909f56bfc062723c751e8b465ee728b)  -> (artifact id: '02d8e57c8a9661181bc21abe44a47bdb') in 0.008134 seconds 
========================================================================
Received Import Request.
  Time since last request: 9.203820 seconds.
  path: Assets/Prefabs/Structures/Elevator.prefab
  artifactKey: Guid(f41ad0b0dc3ef694aa04c48077305bde) Importer(815301076,1909f56bfc062723c751e8b465ee728b)
Start importing Assets/Prefabs/Structures/Elevator.prefab using Guid(f41ad0b0dc3ef694aa04c48077305bde) Importer(815301076,1909f56bfc062723c751e8b465ee728b)  -> (artifact id: '5bd053e6a73f7a5f629b9f102d0d08bf') in 0.010245 seconds 
========================================================================
Received Import Request.
  Time since last request: 3.639883 seconds.
  path: Assets/Prefabs/Structures/Elevator.prefab
  artifactKey: Guid(f41ad0b0dc3ef694aa04c48077305bde) Importer(815301076,1909f56bfc062723c751e8b465ee728b)
Start importing Assets/Prefabs/Structures/Elevator.prefab using Guid(f41ad0b0dc3ef694aa04c48077305bde) Importer(815301076,1909f56bfc062723c751e8b465ee728b)  -> (artifact id: '4057105576f3378073fadd9745a34768') in 0.014524 seconds 
========================================================================
Received Import Request.
  Time since last request: 10.345833 seconds.
  path: Assets/Prefabs/Structures/Elevator.prefab
  artifactKey: Guid(f41ad0b0dc3ef694aa04c48077305bde) Importer(815301076,1909f56bfc062723c751e8b465ee728b)
Start importing Assets/Prefabs/Structures/Elevator.prefab using Guid(f41ad0b0dc3ef694aa04c48077305bde) Importer(815301076,1909f56bfc062723c751e8b465ee728b)  -> (artifact id: 'dd050876769d0d7b7c610f413e612cc0') in 0.007778 seconds 
========================================================================
Received Prepare
Registering precompiled user dll's ...
Registered in 0.007852 seconds.
Begin MonoManager ReloadAssembly
Symbol file LoadedFromMemory doesn't match image C:\Users\owenh\OneDrive\Documents\Coding\Projects\Video Games\AntiVirusGame\AntiVirus\Library\PackageCache\com.unity.visualscripting@1.7.8\Editor\VisualScripting.Core\Dependencies\YamlDotNet\Unity.VisualScripting.YamlDotNet.dll
Symbol file LoadedFromMemory doesn't match image C:\Users\owenh\OneDrive\Documents\Coding\Projects\Video Games\AntiVirusGame\AntiVirus\Library\PackageCache\com.unity.visualscripting@1.7.8\Editor\VisualScripting.Core\Dependencies\DotNetZip\Unity.VisualScripting.IonicZip.dll
Native extension for WindowsStandalone target not found
Native extension for WebGL target not found
Refreshing native plugins compatible for Editor in 0.74 ms, found 3 plugins.
Preloading 0 native plugins for Editor in 0.00 ms.
Mono: successfully reloaded assembly
- Completed reload, in  1.005 seconds
Domain Reload Profiling:
	ReloadAssembly (1006ms)
		BeginReloadAssembly (131ms)
			ExecutionOrderSort (0ms)
			DisableScriptedObjects (4ms)
			BackupInstance (0ms)
			ReleaseScriptingObjects (0ms)
			CreateAndSetChildDomain (35ms)
		EndReloadAssembly (769ms)
			LoadAssemblies (90ms)
			RebuildTransferFunctionScriptingTraits (0ms)
			SetupTypeCache (255ms)
			ReleaseScriptCaches (1ms)
			RebuildScriptCaches (42ms)
			SetupLoadedEditorAssemblies (339ms)
				LogAssemblyErrors (0ms)
				InitializePlatformSupportModulesInManaged (15ms)
				SetLoadedEditorAssemblies (0ms)
				RefreshPlugins (1ms)
				BeforeProcessingInitializeOnLoad (74ms)
				ProcessInitializeOnLoadAttributes (208ms)
				ProcessInitializeOnLoadMethodAttributes (29ms)
				AfterProcessingInitializeOnLoad (11ms)
				EditorAssembliesLoaded (0ms)
			ExecutionOrderSort2 (0ms)
			AwakeInstancesAfterBackupRestoration (6ms)
Platform modules already initialized, skipping
Refreshing native plugins compatible for Editor in 2.58 ms, found 3 plugins.
Preloading 0 native plugins for Editor in 0.00 ms.
Unloading 3392 Unused Serialized files (Serialized files now loaded: 0)
Unloading 20 unused Assets / (80.9 KB). Loaded Objects now: 3891.
Memory consumption went from 123.8 MB to 123.7 MB.
Total: 3.357500 ms (FindLiveObjects: 0.352400 ms CreateObjectMapping: 0.080800 ms MarkObjects: 2.769600 ms  DeleteObjects: 0.153200 ms)

AssetImportParameters requested are different than current active one (requested -> active):
  custom:video-decoder-ogg-theora: a1e56fd34408186e4bbccfd4996cb3dc -> 
  custom:container-muxer-webm: aa71ff27fc2769a1b78a27578f13a17b -> 
  custom:container-demuxer-webm: 4f35f7cbe854078d1ac9338744f61a02 -> 
  custom:video-encoder-webm-vp8: eb34c28f22e8b96e1ab97ce403110664 -> 
  custom:audio-encoder-webm-vorbis: bf7c407c2cedff20999df2af8eb42d56 -> 
  custom:framework-win-MediaFoundation: 216162199b28c13a410421893ffa2e32 -> 
  custom:container-demuxer-ogg: 62fdf1f143b41e24485cea50d1cbac27 -> 
  custom:video-decoder-webm-vp8: 9c59270c3fd7afecdb556c50c9e8de78 -> 
  custom:audio-decoder-ogg-vorbis: bf7c407c2cedff20999df2af8eb42d56 -> 
========================================================================
Received Import Request.
  Time since last request: 194.294662 seconds.
  path: Assets/Prefabs/Structures/Elevator.prefab
  artifactKey: Guid(f41ad0b0dc3ef694aa04c48077305bde) Importer(815301076,1909f56bfc062723c751e8b465ee728b)
Start importing Assets/Prefabs/Structures/Elevator.prefab using Guid(f41ad0b0dc3ef694aa04c48077305bde) Importer(815301076,1909f56bfc062723c751e8b465ee728b)  -> (artifact id: '6a4a7ab2e545d532d6de0e0a0540ffa7') in 0.062675 seconds 
========================================================================
Received Prepare
Registering precompiled user dll's ...
Registered in 0.008141 seconds.
Begin MonoManager ReloadAssembly
Symbol file LoadedFromMemory doesn't match image C:\Users\owenh\OneDrive\Documents\Coding\Projects\Video Games\AntiVirusGame\AntiVirus\Library\PackageCache\com.unity.visualscripting@1.7.8\Editor\VisualScripting.Core\Dependencies\YamlDotNet\Unity.VisualScripting.YamlDotNet.dll
Symbol file LoadedFromMemory doesn't match image C:\Users\owenh\OneDrive\Documents\Coding\Projects\Video Games\AntiVirusGame\AntiVirus\Library\PackageCache\com.unity.visualscripting@1.7.8\Editor\VisualScripting.Core\Dependencies\DotNetZip\Unity.VisualScripting.IonicZip.dll
Native extension for WindowsStandalone target not found
Native extension for WebGL target not found
Refreshing native plugins compatible for Editor in 0.97 ms, found 3 plugins.
Preloading 0 native plugins for Editor in 0.00 ms.
Mono: successfully reloaded assembly
- Completed reload, in  0.970 seconds
Domain Reload Profiling:
	ReloadAssembly (971ms)
		BeginReloadAssembly (133ms)
			ExecutionOrderSort (0ms)
			DisableScriptedObjects (4ms)
			BackupInstance (0ms)
			ReleaseScriptingObjects (0ms)
			CreateAndSetChildDomain (33ms)
		EndReloadAssembly (727ms)
			LoadAssemblies (91ms)
			RebuildTransferFunctionScriptingTraits (0ms)
			SetupTypeCache (236ms)
			ReleaseScriptCaches (2ms)
			RebuildScriptCaches (41ms)
			SetupLoadedEditorAssemblies (324ms)
				LogAssemblyErrors (0ms)
				InitializePlatformSupportModulesInManaged (14ms)
				SetLoadedEditorAssemblies (1ms)
				RefreshPlugins (1ms)
				BeforeProcessingInitializeOnLoad (72ms)
				ProcessInitializeOnLoadAttributes (199ms)
				ProcessInitializeOnLoadMethodAttributes (28ms)
				AfterProcessingInitializeOnLoad (10ms)
				EditorAssembliesLoaded (0ms)
			ExecutionOrderSort2 (0ms)
			AwakeInstancesAfterBackupRestoration (6ms)
Platform modules already initialized, skipping
Refreshing native plugins compatible for Editor in 3.12 ms, found 3 plugins.
Preloading 0 native plugins for Editor in 0.00 ms.
Unloading 3392 Unused Serialized files (Serialized files now loaded: 0)
Unloading 20 unused Assets / (81.0 KB). Loaded Objects now: 3894.
Memory consumption went from 123.8 MB to 123.7 MB.
Total: 2.944200 ms (FindLiveObjects: 0.294300 ms CreateObjectMapping: 0.079900 ms MarkObjects: 2.455400 ms  DeleteObjects: 0.113600 ms)

AssetImportParameters requested are different than current active one (requested -> active):
  custom:video-decoder-ogg-theora: a1e56fd34408186e4bbccfd4996cb3dc -> 
  custom:container-muxer-webm: aa71ff27fc2769a1b78a27578f13a17b -> 
  custom:container-demuxer-webm: 4f35f7cbe854078d1ac9338744f61a02 -> 
  custom:video-encoder-webm-vp8: eb34c28f22e8b96e1ab97ce403110664 -> 
  custom:audio-encoder-webm-vorbis: bf7c407c2cedff20999df2af8eb42d56 -> 
  custom:framework-win-MediaFoundation: 216162199b28c13a410421893ffa2e32 -> 
  custom:container-demuxer-ogg: 62fdf1f143b41e24485cea50d1cbac27 -> 
  custom:video-decoder-webm-vp8: 9c59270c3fd7afecdb556c50c9e8de78 -> 
  custom:audio-decoder-ogg-vorbis: bf7c407c2cedff20999df2af8eb42d56 -> 
========================================================================
Received Prepare
Registering precompiled user dll's ...
Registered in 0.008209 seconds.
Begin MonoManager ReloadAssembly
Symbol file LoadedFromMemory doesn't match image C:\Users\owenh\OneDrive\Documents\Coding\Projects\Video Games\AntiVirusGame\AntiVirus\Library\PackageCache\com.unity.visualscripting@1.7.8\Editor\VisualScripting.Core\Dependencies\YamlDotNet\Unity.VisualScripting.YamlDotNet.dll
Symbol file LoadedFromMemory doesn't match image C:\Users\owenh\OneDrive\Documents\Coding\Projects\Video Games\AntiVirusGame\AntiVirus\Library\PackageCache\com.unity.visualscripting@1.7.8\Editor\VisualScripting.Core\Dependencies\DotNetZip\Unity.VisualScripting.IonicZip.dll
Native extension for WindowsStandalone target not found
Native extension for WebGL target not found
Refreshing native plugins compatible for Editor in 0.53 ms, found 3 plugins.
Preloading 0 native plugins for Editor in 0.00 ms.
Mono: successfully reloaded assembly
- Completed reload, in  0.881 seconds
Domain Reload Profiling:
	ReloadAssembly (882ms)
		BeginReloadAssembly (132ms)
			ExecutionOrderSort (0ms)
			DisableScriptedObjects (6ms)
			BackupInstance (0ms)
			ReleaseScriptingObjects (0ms)
			CreateAndSetChildDomain (33ms)
		EndReloadAssembly (654ms)
			LoadAssemblies (86ms)
			RebuildTransferFunctionScriptingTraits (0ms)
			SetupTypeCache (223ms)
			ReleaseScriptCaches (1ms)
			RebuildScriptCaches (33ms)
			SetupLoadedEditorAssemblies (283ms)
				LogAssemblyErrors (0ms)
				InitializePlatformSupportModulesInManaged (12ms)
				SetLoadedEditorAssemblies (0ms)
				RefreshPlugins (1ms)
				BeforeProcessingInitializeOnLoad (63ms)
				ProcessInitializeOnLoadAttributes (173ms)
				ProcessInitializeOnLoadMethodAttributes (25ms)
				AfterProcessingInitializeOnLoad (9ms)
				EditorAssembliesLoaded (0ms)
			ExecutionOrderSort2 (0ms)
			AwakeInstancesAfterBackupRestoration (5ms)
Platform modules already initialized, skipping
Refreshing native plugins compatible for Editor in 2.57 ms, found 3 plugins.
Preloading 0 native plugins for Editor in 0.00 ms.
Unloading 3392 Unused Serialized files (Serialized files now loaded: 0)
Unloading 20 unused Assets / (81.0 KB). Loaded Objects now: 3897.
Memory consumption went from 123.8 MB to 123.7 MB.
Total: 2.879400 ms (FindLiveObjects: 0.306300 ms CreateObjectMapping: 0.084100 ms MarkObjects: 2.375900 ms  DeleteObjects: 0.112100 ms)

AssetImportParameters requested are different than current active one (requested -> active):
  custom:video-decoder-ogg-theora: a1e56fd34408186e4bbccfd4996cb3dc -> 
  custom:container-muxer-webm: aa71ff27fc2769a1b78a27578f13a17b -> 
  custom:container-demuxer-webm: 4f35f7cbe854078d1ac9338744f61a02 -> 
  custom:video-encoder-webm-vp8: eb34c28f22e8b96e1ab97ce403110664 -> 
  custom:audio-encoder-webm-vorbis: bf7c407c2cedff20999df2af8eb42d56 -> 
  custom:framework-win-MediaFoundation: 216162199b28c13a410421893ffa2e32 -> 
  custom:container-demuxer-ogg: 62fdf1f143b41e24485cea50d1cbac27 -> 
  custom:video-decoder-webm-vp8: 9c59270c3fd7afecdb556c50c9e8de78 -> 
  custom:audio-decoder-ogg-vorbis: bf7c407c2cedff20999df2af8eb42d56 -> 
